{"/Users/David/Documents/Websites/Code-Challenges/YearOne/film-db/backend/config.js": {"path":"/Users/David/Documents/Websites/Code-Challenges/YearOne/film-db/backend/config.js","statementMap":{"0":{"start":{"line":3,"column":0},"end":{"line":3,"column":27}},"1":{"start":{"line":5,"column":23},"end":{"line":5,"column":49}},"2":{"start":{"line":7,"column":13},"end":{"line":7,"column":38}},"3":{"start":{"line":11,"column":2},"end":{"line":13,"column":44}},"4":{"start":{"line":16,"column":0},"end":{"line":20,"column":1}}},"fnMap":{"0":{"name":"getDatabaseUri","decl":{"start":{"line":10,"column":9},"end":{"line":10,"column":23}},"loc":{"start":{"line":10,"column":26},"end":{"line":14,"column":1}},"line":10}},"branchMap":{"0":{"loc":{"start":{"line":7,"column":13},"end":{"line":7,"column":38}},"type":"binary-expr","locations":[{"start":{"line":7,"column":13},"end":{"line":7,"column":30}},{"start":{"line":7,"column":34},"end":{"line":7,"column":38}}],"line":7},"1":{"loc":{"start":{"line":11,"column":9},"end":{"line":13,"column":43}},"type":"cond-expr","locations":[{"start":{"line":12,"column":6},"end":{"line":12,"column":20}},{"start":{"line":13,"column":6},"end":{"line":13,"column":43}}],"line":11},"2":{"loc":{"start":{"line":13,"column":6},"end":{"line":13,"column":43}},"type":"binary-expr","locations":[{"start":{"line":13,"column":6},"end":{"line":13,"column":30}},{"start":{"line":13,"column":34},"end":{"line":13,"column":43}}],"line":13}},"s":{"0":1,"1":1,"2":1,"3":0,"4":1},"f":{"0":0},"b":{"0":[1,1],"1":[0,0],"2":[0,0]},"_coverageSchema":"1a1c01bbd47fc00a2c39e90264f33305004495a9","hash":"17b35ecd90211dae4a0186a71dbc712b0e93c11a"}
,"/Users/David/Documents/Websites/Code-Challenges/YearOne/film-db/backend/expressError.js": {"path":"/Users/David/Documents/Websites/Code-Challenges/YearOne/film-db/backend/expressError.js","statementMap":{"0":{"start":{"line":5,"column":4},"end":{"line":5,"column":12}},"1":{"start":{"line":6,"column":4},"end":{"line":6,"column":27}},"2":{"start":{"line":7,"column":4},"end":{"line":7,"column":25}},"3":{"start":{"line":15,"column":4},"end":{"line":15,"column":24}},"4":{"start":{"line":23,"column":4},"end":{"line":23,"column":23}},"5":{"start":{"line":28,"column":0},"end":{"line":32,"column":1}}},"fnMap":{"0":{"name":"(anonymous_0)","decl":{"start":{"line":4,"column":2},"end":{"line":4,"column":3}},"loc":{"start":{"line":4,"column":31},"end":{"line":8,"column":3}},"line":4},"1":{"name":"(anonymous_1)","decl":{"start":{"line":14,"column":2},"end":{"line":14,"column":3}},"loc":{"start":{"line":14,"column":37},"end":{"line":16,"column":3}},"line":14},"2":{"name":"(anonymous_2)","decl":{"start":{"line":22,"column":2},"end":{"line":22,"column":3}},"loc":{"start":{"line":22,"column":39},"end":{"line":24,"column":3}},"line":22}},"branchMap":{"0":{"loc":{"start":{"line":14,"column":14},"end":{"line":14,"column":35}},"type":"default-arg","locations":[{"start":{"line":14,"column":24},"end":{"line":14,"column":35}}],"line":14},"1":{"loc":{"start":{"line":22,"column":14},"end":{"line":22,"column":37}},"type":"default-arg","locations":[{"start":{"line":22,"column":24},"end":{"line":22,"column":37}}],"line":22}},"s":{"0":2,"1":2,"2":2,"3":2,"4":0,"5":1},"f":{"0":2,"1":2,"2":0},"b":{"0":[0],"1":[0]},"_coverageSchema":"1a1c01bbd47fc00a2c39e90264f33305004495a9","hash":"7eff02485cd6a689822b365ad75fd6ffd8b63263"}
,"/Users/David/Documents/Websites/Code-Challenges/YearOne/film-db/backend/utils/movieDbAPI.js": {"path":"/Users/David/Documents/Websites/Code-Challenges/YearOne/film-db/backend/utils/movieDbAPI.js","statementMap":{"0":{"start":{"line":3,"column":14},"end":{"line":3,"column":30}},"1":{"start":{"line":5,"column":22},"end":{"line":5,"column":79}},"2":{"start":{"line":6,"column":27},"end":{"line":6,"column":47}},"3":{"start":{"line":7,"column":23},"end":{"line":7,"column":71}},"4":{"start":{"line":8,"column":26},"end":{"line":8,"column":52}},"5":{"start":{"line":20,"column":2},"end":{"line":20,"column":63}},"6":{"start":{"line":22,"column":14},"end":{"line":30,"column":4}},"7":{"start":{"line":32,"column":2},"end":{"line":34,"column":3}},"8":{"start":{"line":33,"column":4},"end":{"line":33,"column":66}},"9":{"start":{"line":36,"column":24},"end":{"line":41,"column":5}},"10":{"start":{"line":36,"column":53},"end":{"line":41,"column":3}},"11":{"start":{"line":43,"column":2},"end":{"line":43,"column":23}},"12":{"start":{"line":56,"column":2},"end":{"line":56,"column":65}},"13":{"start":{"line":58,"column":19},"end":{"line":66,"column":4}},"14":{"start":{"line":68,"column":2},"end":{"line":70,"column":3}},"15":{"start":{"line":69,"column":4},"end":{"line":69,"column":76}},"16":{"start":{"line":72,"column":88},"end":{"line":72,"column":101}},"17":{"start":{"line":74,"column":21},"end":{"line":84,"column":3}},"18":{"start":{"line":88,"column":30},"end":{"line":90,"column":3}},"19":{"start":{"line":89,"column":53},"end":{"line":89,"column":102}},"20":{"start":{"line":92,"column":2},"end":{"line":92,"column":29}},"21":{"start":{"line":96,"column":0},"end":{"line":100,"column":2}}},"fnMap":{"0":{"name":"searchFilmsWithAPI","decl":{"start":{"line":19,"column":15},"end":{"line":19,"column":33}},"loc":{"start":{"line":19,"column":41},"end":{"line":44,"column":1}},"line":19},"1":{"name":"(anonymous_1)","decl":{"start":{"line":36,"column":44},"end":{"line":36,"column":45}},"loc":{"start":{"line":36,"column":53},"end":{"line":41,"column":3}},"line":36},"2":{"name":"getFilmDetailFromAPI","decl":{"start":{"line":55,"column":15},"end":{"line":55,"column":35}},"loc":{"start":{"line":55,"column":53},"end":{"line":93,"column":1}},"line":55},"3":{"name":"(anonymous_3)","decl":{"start":{"line":89,"column":35},"end":{"line":89,"column":36}},"loc":{"start":{"line":89,"column":53},"end":{"line":89,"column":102}},"line":89}},"branchMap":{"0":{"loc":{"start":{"line":32,"column":2},"end":{"line":34,"column":3}},"type":"if","locations":[{"start":{"line":32,"column":2},"end":{"line":34,"column":3}},{"start":{"line":32,"column":2},"end":{"line":34,"column":3}}],"line":32},"1":{"loc":{"start":{"line":68,"column":2},"end":{"line":70,"column":3}},"type":"if","locations":[{"start":{"line":68,"column":2},"end":{"line":70,"column":3}},{"start":{"line":68,"column":2},"end":{"line":70,"column":3}}],"line":68}},"s":{"0":1,"1":1,"2":1,"3":1,"4":1,"5":2,"6":2,"7":2,"8":1,"9":1,"10":1,"11":1,"12":2,"13":2,"14":2,"15":1,"16":1,"17":1,"18":1,"19":9,"20":1,"21":1},"f":{"0":2,"1":1,"2":2,"3":9},"b":{"0":[1,1],"1":[1,1]},"_coverageSchema":"1a1c01bbd47fc00a2c39e90264f33305004495a9","hash":"00d83165749de1a9301e715965941b5378f3de46"}
}
