{"/Users/David/Documents/Websites/Code-Challenges/YearOne/film-db/backend/config.js": {"path":"/Users/David/Documents/Websites/Code-Challenges/YearOne/film-db/backend/config.js","statementMap":{"0":{"start":{"line":3,"column":0},"end":{"line":3,"column":27}},"1":{"start":{"line":5,"column":23},"end":{"line":5,"column":49}},"2":{"start":{"line":7,"column":13},"end":{"line":7,"column":38}},"3":{"start":{"line":11,"column":2},"end":{"line":13,"column":44}},"4":{"start":{"line":16,"column":0},"end":{"line":20,"column":1}}},"fnMap":{"0":{"name":"getDatabaseUri","decl":{"start":{"line":10,"column":9},"end":{"line":10,"column":23}},"loc":{"start":{"line":10,"column":26},"end":{"line":14,"column":1}},"line":10}},"branchMap":{"0":{"loc":{"start":{"line":7,"column":13},"end":{"line":7,"column":38}},"type":"binary-expr","locations":[{"start":{"line":7,"column":13},"end":{"line":7,"column":30}},{"start":{"line":7,"column":34},"end":{"line":7,"column":38}}],"line":7},"1":{"loc":{"start":{"line":11,"column":9},"end":{"line":13,"column":43}},"type":"cond-expr","locations":[{"start":{"line":12,"column":6},"end":{"line":12,"column":20}},{"start":{"line":13,"column":6},"end":{"line":13,"column":43}}],"line":11},"2":{"loc":{"start":{"line":13,"column":6},"end":{"line":13,"column":43}},"type":"binary-expr","locations":[{"start":{"line":13,"column":6},"end":{"line":13,"column":30}},{"start":{"line":13,"column":34},"end":{"line":13,"column":43}}],"line":13}},"s":{"0":1,"1":1,"2":1,"3":1,"4":1},"f":{"0":1},"b":{"0":[1,1],"1":[1,0],"2":[0,0]},"_coverageSchema":"1a1c01bbd47fc00a2c39e90264f33305004495a9","hash":"17b35ecd90211dae4a0186a71dbc712b0e93c11a"}
,"/Users/David/Documents/Websites/Code-Challenges/YearOne/film-db/backend/db.js": {"path":"/Users/David/Documents/Websites/Code-Challenges/YearOne/film-db/backend/db.js","statementMap":{"0":{"start":{"line":5,"column":19},"end":{"line":5,"column":32}},"1":{"start":{"line":6,"column":27},"end":{"line":6,"column":46}},"2":{"start":{"line":8,"column":11},"end":{"line":10,"column":2}},"3":{"start":{"line":12,"column":0},"end":{"line":12,"column":13}},"4":{"start":{"line":14,"column":0},"end":{"line":14,"column":20}}},"fnMap":{},"branchMap":{},"s":{"0":1,"1":1,"2":1,"3":1,"4":1},"f":{},"b":{},"_coverageSchema":"1a1c01bbd47fc00a2c39e90264f33305004495a9","hash":"77d1b26a2760ece74b0defdccbad06842df2bb5e"}
,"/Users/David/Documents/Websites/Code-Challenges/YearOne/film-db/backend/expressError.js": {"path":"/Users/David/Documents/Websites/Code-Challenges/YearOne/film-db/backend/expressError.js","statementMap":{"0":{"start":{"line":5,"column":4},"end":{"line":5,"column":12}},"1":{"start":{"line":6,"column":4},"end":{"line":6,"column":27}},"2":{"start":{"line":7,"column":4},"end":{"line":7,"column":25}},"3":{"start":{"line":15,"column":4},"end":{"line":15,"column":24}},"4":{"start":{"line":23,"column":4},"end":{"line":23,"column":23}},"5":{"start":{"line":28,"column":0},"end":{"line":32,"column":1}}},"fnMap":{"0":{"name":"(anonymous_0)","decl":{"start":{"line":4,"column":2},"end":{"line":4,"column":3}},"loc":{"start":{"line":4,"column":31},"end":{"line":8,"column":3}},"line":4},"1":{"name":"(anonymous_1)","decl":{"start":{"line":14,"column":2},"end":{"line":14,"column":3}},"loc":{"start":{"line":14,"column":37},"end":{"line":16,"column":3}},"line":14},"2":{"name":"(anonymous_2)","decl":{"start":{"line":22,"column":2},"end":{"line":22,"column":3}},"loc":{"start":{"line":22,"column":39},"end":{"line":24,"column":3}},"line":22}},"branchMap":{"0":{"loc":{"start":{"line":14,"column":14},"end":{"line":14,"column":35}},"type":"default-arg","locations":[{"start":{"line":14,"column":24},"end":{"line":14,"column":35}}],"line":14},"1":{"loc":{"start":{"line":22,"column":14},"end":{"line":22,"column":37}},"type":"default-arg","locations":[{"start":{"line":22,"column":24},"end":{"line":22,"column":37}}],"line":22}},"s":{"0":3,"1":3,"2":3,"3":2,"4":1,"5":1},"f":{"0":3,"1":2,"2":1},"b":{"0":[0],"1":[0]},"_coverageSchema":"1a1c01bbd47fc00a2c39e90264f33305004495a9","hash":"7eff02485cd6a689822b365ad75fd6ffd8b63263"}
,"/Users/David/Documents/Websites/Code-Challenges/YearOne/film-db/backend/models/film.js": {"path":"/Users/David/Documents/Websites/Code-Challenges/YearOne/film-db/backend/models/film.js","statementMap":{"0":{"start":{"line":3,"column":11},"end":{"line":3,"column":27}},"1":{"start":{"line":4,"column":43},"end":{"line":4,"column":69}},"2":{"start":{"line":22,"column":27},"end":{"line":27,"column":5}},"3":{"start":{"line":29,"column":4},"end":{"line":31,"column":5}},"4":{"start":{"line":30,"column":6},"end":{"line":30,"column":87}},"5":{"start":{"line":33,"column":19},"end":{"line":58,"column":5}},"6":{"start":{"line":60,"column":25},"end":{"line":60,"column":39}},"7":{"start":{"line":62,"column":6},"end":{"line":62,"column":24}},"8":{"start":{"line":80,"column":21},"end":{"line":95,"column":7}},"9":{"start":{"line":96,"column":25},"end":{"line":96,"column":39}},"10":{"start":{"line":98,"column":6},"end":{"line":98,"column":24}},"11":{"start":{"line":110,"column":21},"end":{"line":116,"column":7}},"12":{"start":{"line":118,"column":30},"end":{"line":118,"column":44}},"13":{"start":{"line":120,"column":6},"end":{"line":122,"column":7}},"14":{"start":{"line":121,"column":8},"end":{"line":121,"column":75}},"15":{"start":{"line":124,"column":6},"end":{"line":124,"column":29}},"16":{"start":{"line":136,"column":21},"end":{"line":142,"column":7}},"17":{"start":{"line":144,"column":32},"end":{"line":144,"column":46}},"18":{"start":{"line":146,"column":6},"end":{"line":148,"column":7}},"19":{"start":{"line":147,"column":8},"end":{"line":147,"column":75}},"20":{"start":{"line":150,"column":6},"end":{"line":150,"column":31}},"21":{"start":{"line":154,"column":0},"end":{"line":154,"column":22}}},"fnMap":{"0":{"name":"(anonymous_0)","decl":{"start":{"line":19,"column":2},"end":{"line":19,"column":3}},"loc":{"start":{"line":20,"column":85},"end":{"line":63,"column":5}},"line":20},"1":{"name":"(anonymous_1)","decl":{"start":{"line":79,"column":4},"end":{"line":79,"column":5}},"loc":{"start":{"line":79,"column":29},"end":{"line":99,"column":5}},"line":79},"2":{"name":"(anonymous_2)","decl":{"start":{"line":109,"column":4},"end":{"line":109,"column":5}},"loc":{"start":{"line":109,"column":34},"end":{"line":125,"column":5}},"line":109},"3":{"name":"(anonymous_3)","decl":{"start":{"line":135,"column":4},"end":{"line":135,"column":5}},"loc":{"start":{"line":135,"column":36},"end":{"line":151,"column":5}},"line":135}},"branchMap":{"0":{"loc":{"start":{"line":29,"column":4},"end":{"line":31,"column":5}},"type":"if","locations":[{"start":{"line":29,"column":4},"end":{"line":31,"column":5}},{"start":{"line":29,"column":4},"end":{"line":31,"column":5}}],"line":29},"1":{"loc":{"start":{"line":120,"column":6},"end":{"line":122,"column":7}},"type":"if","locations":[{"start":{"line":120,"column":6},"end":{"line":122,"column":7}},{"start":{"line":120,"column":6},"end":{"line":122,"column":7}}],"line":120},"2":{"loc":{"start":{"line":146,"column":6},"end":{"line":148,"column":7}},"type":"if","locations":[{"start":{"line":146,"column":6},"end":{"line":148,"column":7}},{"start":{"line":146,"column":6},"end":{"line":148,"column":7}}],"line":146}},"s":{"0":1,"1":1,"2":2,"3":2,"4":1,"5":1,"6":1,"7":1,"8":2,"9":2,"10":2,"11":2,"12":2,"13":2,"14":1,"15":1,"16":2,"17":2,"18":2,"19":1,"20":1,"21":1},"f":{"0":2,"1":2,"2":2,"3":2},"b":{"0":[1,1],"1":[1,1],"2":[1,1]},"_coverageSchema":"1a1c01bbd47fc00a2c39e90264f33305004495a9","hash":"99095e8131e8290cef903bac68509d6de7168867"}
}
