TN:
SF:config.js
FN:10,getDatabaseUri
FNF:1
FNH:1
FNDA:1,getDatabaseUri
DA:3,1
DA:5,1
DA:7,1
DA:11,1
DA:16,1
LF:5
LH:5
BRDA:7,0,0,1
BRDA:7,0,1,1
BRDA:11,1,0,1
BRDA:11,1,1,0
BRDA:13,2,0,0
BRDA:13,2,1,0
BRF:6
BRH:3
end_of_record
TN:
SF:db.js
FNF:0
FNH:0
DA:5,1
DA:6,1
DA:8,1
DA:12,1
DA:14,1
LF:5
LH:5
BRF:0
BRH:0
end_of_record
TN:
SF:expressError.js
FN:4,(anonymous_0)
FN:14,(anonymous_1)
FN:22,(anonymous_2)
FNF:3
FNH:3
FNDA:3,(anonymous_0)
FNDA:2,(anonymous_1)
FNDA:1,(anonymous_2)
DA:5,3
DA:6,3
DA:7,3
DA:15,2
DA:23,1
DA:28,1
LF:6
LH:6
BRDA:14,0,0,0
BRDA:22,1,0,0
BRF:2
BRH:0
end_of_record
TN:
SF:models/film.js
FN:19,(anonymous_0)
FN:79,(anonymous_1)
FN:109,(anonymous_2)
FN:135,(anonymous_3)
FNF:4
FNH:4
FNDA:2,(anonymous_0)
FNDA:2,(anonymous_1)
FNDA:2,(anonymous_2)
FNDA:2,(anonymous_3)
DA:3,1
DA:4,1
DA:22,2
DA:29,2
DA:30,1
DA:33,1
DA:60,1
DA:62,1
DA:80,2
DA:96,2
DA:98,2
DA:110,2
DA:118,2
DA:120,2
DA:121,1
DA:124,1
DA:136,2
DA:144,2
DA:146,2
DA:147,1
DA:150,1
DA:154,1
LF:22
LH:22
BRDA:29,0,0,1
BRDA:29,0,1,1
BRDA:120,1,0,1
BRDA:120,1,1,1
BRDA:146,2,0,1
BRDA:146,2,1,1
BRF:6
BRH:6
end_of_record
