TN:
SF:config.js
FN:10,getDatabaseUri
FNF:1
FNH:0
FNDA:0,getDatabaseUri
DA:3,1
DA:5,1
DA:7,1
DA:11,0
DA:16,1
LF:5
LH:4
BRDA:7,0,0,1
BRDA:7,0,1,1
BRDA:11,1,0,0
BRDA:11,1,1,0
BRDA:13,2,0,0
BRDA:13,2,1,0
BRF:6
BRH:2
end_of_record
TN:
SF:expressError.js
FN:4,(anonymous_0)
FN:14,(anonymous_1)
FN:22,(anonymous_2)
FNF:3
FNH:2
FNDA:2,(anonymous_0)
FNDA:2,(anonymous_1)
FNDA:0,(anonymous_2)
DA:5,2
DA:6,2
DA:7,2
DA:15,2
DA:23,0
DA:28,1
LF:6
LH:5
BRDA:14,0,0,0
BRDA:22,1,0,0
BRF:2
BRH:0
end_of_record
TN:
SF:utils/movieDbAPI.js
FN:19,searchFilmsWithAPI
FN:36,(anonymous_1)
FN:55,getFilmDetailFromAPI
FN:89,(anonymous_3)
FNF:4
FNH:4
FNDA:2,searchFilmsWithAPI
FNDA:1,(anonymous_1)
FNDA:2,getFilmDetailFromAPI
FNDA:9,(anonymous_3)
DA:3,1
DA:5,1
DA:6,1
DA:7,1
DA:8,1
DA:20,2
DA:22,2
DA:32,2
DA:33,1
DA:36,1
DA:43,1
DA:56,2
DA:58,2
DA:68,2
DA:69,1
DA:72,1
DA:74,1
DA:88,1
DA:89,9
DA:92,1
DA:96,1
LF:21
LH:21
BRDA:32,0,0,1
BRDA:32,0,1,1
BRDA:68,1,0,1
BRDA:68,1,1,1
BRF:4
BRH:4
end_of_record
